[EXECVE ALERT] type=EXECVE msg=audit(1751999631.225:2470): argc=2 a0="/bin/sh" a1="/usr/share/kali-themes/xfce4-panel-genmon-vpnip.sh"
[EXECVE ALERT] type=EXECVE msg=audit(1751999631.229:2471): argc=3 a0="ip" a1="tuntap" a2="show"
[EXECVE ALERT] type=EXECVE msg=audit(1751999631.229:2472): argc=4 a0="cut" a1="-d" a2=":" a3="-f1"
[EXECVE ALERT] type=EXECVE msg=audit(1751999631.229:2473): argc=3 a0="head" a1="-n" a2="1"
[EXECVE ALERT] type=EXECVE msg=audit(1751999631.233:2474): argc=4 a0="ip" a1="a" a2="s" a3=""
[EXECVE ALERT] type=EXECVE msg=audit(1751999631.233:2475): argc=4 a0="grep" a1="-o" a2="-P" a3=283F3C3D696E657420295B302D395D7B312C337D285C2E5B302D395D7B312C337D297B337D
[EXECVE ALERT] type=EXECVE msg=audit(1751999632.225:2476): argc=2 a0="/bin/sh" a1="/usr/share/kali-themes/xfce4-panel-genmon-vpnip.sh"
[EXECVE ALERT] type=EXECVE msg=audit(1751999632.225:2477): argc=3 a0="ip" a1="tuntap" a2="show"
[EXECVE ALERT] type=EXECVE msg=audit(1751999632.225:2478): argc=4 a0="cut" a1="-d" a2=":" a3="-f1"
[EXECVE ALERT] type=EXECVE msg=audit(1751999632.225:2479): argc=3 a0="head" a1="-n" a2="1"
[EXECVE ALERT] type=EXECVE msg=audit(1751999632.229:2480): argc=4 a0="ip" a1="a" a2="s" a3=""
[EXECVE ALERT] type=EXECVE msg=audit(1751999632.229:2481): argc=4 a0="grep" a1="-o" a2="-P" a3=283F3C3D696E657420295B302D395D7B312C337D285C2E5B302D395D7B312C337D297B337D
[EXECVE ALERT] type=EXECVE msg=audit(1751999633.229:2482): argc=2 a0="/bin/sh" a1="/usr/share/kali-themes/xfce4-panel-genmon-vpnip.sh"
[EXECVE ALERT] type=EXECVE msg=audit(1751999633.229:2483): argc=3 a0="ip" a1="tuntap" a2="show"
[EXECVE ALERT] type=EXECVE msg=audit(1751999633.229:2484): argc=4 a0="cut" a1="-d" a2=":" a3="-f1"
[EXECVE ALERT] type=EXECVE msg=audit(1751999633.229:2485): argc=3 a0="head" a1="-n" a2="1"
[EXECVE ALERT] type=EXECVE msg=audit(1751999633.237:2486): argc=4 a0="ip" a1="a" a2="s" a3=""
[EXECVE ALERT] type=EXECVE msg=audit(1751999633.237:2487): argc=4 a0="grep" a1="-o" a2="-P" a3=283F3C3D696E657420295B302D395D7B312C337D285C2E5B302D395D7B312C337D297B337D
[EXECVE ALERT] type=EXECVE msg=audit(1751999634.229:2488): argc=2 a0="/bin/sh" a1="/usr/share/kali-themes/xfce4-panel-genmon-vpnip.sh"
[EXECVE ALERT] type=EXECVE msg=audit(1751999634.229:2489): argc=3 a0="ip" a1="tuntap" a2="show"
[EXECVE ALERT] type=EXECVE msg=audit(1751999634.229:2490): argc=4 a0="cut" a1="-d" a2=":" a3="-f1"
[EXECVE ALERT] type=EXECVE msg=audit(1751999634.229:2491): argc=3 a0="head" a1="-n" a2="1"
[EXECVE ALERT] type=EXECVE msg=audit(1751999634.233:2492): argc=4 a0="ip" a1="a" a2="s" a3=""
[EXECVE ALERT] type=EXECVE msg=audit(1751999634.233:2493): argc=4 a0="grep" a1="-o" a2="-P" a3=283F3C3D696E657420295B302D395D7B312C337D285C2E5B302D395D7B312C337D297B337D
[EXECVE ALERT] type=EXECVE msg=audit(1751999635.229:2494): argc=2 a0="/bin/sh" a1="/usr/share/kali-themes/xfce4-panel-genmon-vpnip.sh"
[EXECVE ALERT] type=EXECVE msg=audit(1751999635.233:2495): argc=3 a0="ip" a1="tuntap" a2="show"
[EXECVE ALERT] type=EXECVE msg=audit(1751999635.233:2496): argc=4 a0="cut" a1="-d" a2=":" a3="-f1"
[EXECVE ALERT] type=EXECVE msg=audit(1751999635.233:2497): argc=3 a0="head" a1="-n" a2="1"
[EXECVE ALERT] type=EXECVE msg=audit(1751999635.237:2498): argc=4 a0="ip" a1="a" a2="s" a3=""
[EXECVE ALERT] type=EXECVE msg=audit(1751999635.237:2499): argc=4 a0="grep" a1="-o" a2="-P" a3=283F3C3D696E657420295B302D395D7B312C337D285C2E5B302D395D7B312C337D297B337D
[EXECVE ALERT] type=EXECVE msg=audit(1751999636.233:2500): argc=2 a0="/bin/sh" a1="/usr/share/kali-themes/xfce4-panel-genmon-vpnip.sh"
[EXECVE ALERT] type=EXECVE msg=audit(1751999636.233:2501): argc=3 a0="ip" a1="tuntap" a2="show"
[EXECVE ALERT] type=EXECVE msg=audit(1751999636.233:2502): argc=4 a0="cut" a1="-d" a2=":" a3="-f1"
[EXECVE ALERT] type=EXECVE msg=audit(1751999636.237:2503): argc=3 a0="head" a1="-n" a2="1"
[EXECVE ALERT] type=EXECVE msg=audit(1751999636.241:2504): argc=4 a0="ip" a1="a" a2="s" a3=""
[EXECVE ALERT] type=EXECVE msg=audit(1751999636.241:2505): argc=4 a0="grep" a1="-o" a2="-P" a3=283F3C3D696E657420295B302D395D7B312C337D285C2E5B302D395D7B312C337D297B337D
[EXECVE ALERT] type=EXECVE msg=audit(1751999637.233:2506): argc=2 a0="/bin/sh" a1="/usr/share/kali-themes/xfce4-panel-genmon-vpnip.sh"
[EXECVE ALERT] type=EXECVE msg=audit(1751999637.237:2507): argc=3 a0="ip" a1="tuntap" a2="show"
[EXECVE ALERT] type=EXECVE msg=audit(1751999637.237:2508): argc=4 a0="cut" a1="-d" a2=":" a3="-f1"
[EXECVE ALERT] type=EXECVE msg=audit(1751999637.237:2509): argc=3 a0="head" a1="-n" a2="1"
[EXECVE ALERT] type=EXECVE msg=audit(1751999637.241:2510): argc=4 a0="ip" a1="a" a2="s" a3=""
[EXECVE ALERT] type=EXECVE msg=audit(1751999637.241:2511): argc=4 a0="grep" a1="-o" a2="-P" a3=283F3C3D696E657420295B302D395D7B312C337D285C2E5B302D395D7B312C337D297B337D
[EXECVE ALERT] type=EXECVE msg=audit(1751999638.233:2512): argc=2 a0="/bin/sh" a1="/usr/share/kali-themes/xfce4-panel-genmon-vpnip.sh"
[EXECVE ALERT] type=EXECVE msg=audit(1751999638.237:2513): argc=3 a0="ip" a1="tuntap" a2="show"
[EXECVE ALERT] type=EXECVE msg=audit(1751999638.237:2514): argc=4 a0="cut" a1="-d" a2=":" a3="-f1"
[EXECVE ALERT] type=EXECVE msg=audit(1751999638.237:2515): argc=3 a0="head" a1="-n" a2="1"
[EXECVE ALERT] type=EXECVE msg=audit(1751999638.241:2516): argc=4 a0="ip" a1="a" a2="s" a3=""
[EXECVE ALERT] type=EXECVE msg=audit(1751999638.241:2517): argc=4 a0="grep" a1="-o" a2="-P" a3=283F3C3D696E657420295B302D395D7B312C337D285C2E5B302D395D7B312C337D297B337D
[EXECVE ALERT] type=EXECVE msg=audit(1751999639.237:2518): argc=2 a0="/bin/sh" a1="/usr/share/kali-themes/xfce4-panel-genmon-vpnip.sh"
[EXECVE ALERT] type=EXECVE msg=audit(1751999639.237:2519): argc=3 a0="ip" a1="tuntap" a2="show"
[EXECVE ALERT] type=EXECVE msg=audit(1751999639.237:2520): argc=4 a0="cut" a1="-d" a2=":" a3="-f1"
[EXECVE ALERT] type=EXECVE msg=audit(1751999639.241:2521): argc=3 a0="head" a1="-n" a2="1"
[EXECVE ALERT] type=EXECVE msg=audit(1751999639.245:2522): argc=4 a0="ip" a1="a" a2="s" a3=""
[EXECVE ALERT] type=EXECVE msg=audit(1751999639.245:2523): argc=4 a0="grep" a1="-o" a2="-P" a3=283F3C3D696E657420295B302D395D7B312C337D285C2E5B302D395D7B312C337D297B337D
[EXECVE ALERT] type=EXECVE msg=audit(1751999640.237:2524): argc=2 a0="/bin/sh" a1="/usr/share/kali-themes/xfce4-panel-genmon-vpnip.sh"
[EXECVE ALERT] type=EXECVE msg=audit(1751999640.241:2525): argc=3 a0="ip" a1="tuntap" a2="show"
[EXECVE ALERT] type=EXECVE msg=audit(1751999640.241:2526): argc=4 a0="cut" a1="-d" a2=":" a3="-f1"
[EXECVE ALERT] type=EXECVE msg=audit(1751999640.241:2527): argc=3 a0="head" a1="-n" a2="1"
[EXECVE ALERT] type=EXECVE msg=audit(1751999640.245:2528): argc=4 a0="ip" a1="a" a2="s" a3=""
[EXECVE ALERT] type=EXECVE msg=audit(1751999640.245:2529): argc=4 a0="grep" a1="-o" a2="-P" a3=283F3C3D696E657420295B302D395D7B312C337D285C2E5B302D395D7B312C337D297B337D
[EXECVE ALERT] type=EXECVE msg=audit(1751999641.237:2530): argc=2 a0="/bin/sh" a1="/usr/share/kali-themes/xfce4-panel-genmon-vpnip.sh"
[EXECVE ALERT] type=EXECVE msg=audit(1751999641.241:2531): argc=3 a0="ip" a1="tuntap" a2="show"
[EXECVE ALERT] type=EXECVE msg=audit(1751999641.241:2532): argc=4 a0="cut" a1="-d" a2=":" a3="-f1"
[EXECVE ALERT] type=EXECVE msg=audit(1751999641.241:2533): argc=3 a0="head" a1="-n" a2="1"
[EXECVE ALERT] type=EXECVE msg=audit(1751999641.245:2534): argc=4 a0="ip" a1="a" a2="s" a3=""
[EXECVE ALERT] type=EXECVE msg=audit(1751999641.245:2535): argc=4 a0="grep" a1="-o" a2="-P" a3=283F3C3D696E657420295B302D395D7B312C337D285C2E5B302D395D7B312C337D297B337D
[EXECVE ALERT] type=EXECVE msg=audit(1751999642.233:2541): argc=3 a0="exo-open" a1="--launch" a2="TerminalEmulator"
[EXECVE ALERT] type=EXECVE msg=audit(1751999642.241:2542): argc=2 a0="/bin/sh" a1="/usr/share/kali-themes/xfce4-panel-genmon-vpnip.sh"
[EXECVE ALERT] type=EXECVE msg=audit(1751999642.241:2543): argc=3 a0="ip" a1="tuntap" a2="show"
[EXECVE ALERT] type=EXECVE msg=audit(1751999642.241:2544): argc=4 a0="cut" a1="-d" a2=":" a3="-f1"
[EXECVE ALERT] type=EXECVE msg=audit(1751999642.241:2545): argc=3 a0="head" a1="-n" a2="1"
[EXECVE ALERT] type=EXECVE msg=audit(1751999642.245:2546): argc=4 a0="ip" a1="a" a2="s" a3=""
[EXECVE ALERT] type=EXECVE msg=audit(1751999642.245:2547): argc=4 a0="grep" a1="-o" a2="-P" a3=283F3C3D696E657420295B302D395D7B312C337D285C2E5B302D395D7B312C337D297B337D
[EXECVE ALERT] type=EXECVE msg=audit(1751999642.269:2548): argc=3 a0="/usr/bin/xfce4-mime-helper" a1="--launch" a2="TerminalEmulator"
[EXECVE ALERT] type=EXECVE msg=audit(1751999642.301:2549): argc=1 a0="/usr/bin/qterminal"
[EXECVE ALERT] type=EXECVE msg=audit(1751999642.461:2550): argc=1 a0="/usr/bin/zsh"
[EXECVE ALERT] type=EXECVE msg=audit(1751999642.509:2551): argc=3 a0="tput" a1="setaf" a2="1"
[EXECVE ALERT] type=EXECVE msg=audit(1751999642.533:2552): argc=2 a0="dircolors" a1="-b"
[EXECVE ALERT] type=EXECVE msg=audit(1751999643.241:2553): argc=2 a0="/bin/sh" a1="/usr/share/kali-themes/xfce4-panel-genmon-vpnip.sh"
[EXECVE ALERT] type=EXECVE msg=audit(1751999643.245:2554): argc=3 a0="ip" a1="tuntap" a2="show"
[EXECVE ALERT] type=EXECVE msg=audit(1751999643.245:2555): argc=4 a0="cut" a1="-d" a2=":" a3="-f1"
[EXECVE ALERT] type=EXECVE msg=audit(1751999643.245:2556): argc=3 a0="head" a1="-n" a2="1"
[EXECVE ALERT] type=EXECVE msg=audit(1751999643.249:2557): argc=4 a0="ip" a1="a" a2="s" a3=""
[EXECVE ALERT] type=EXECVE msg=audit(1751999643.249:2558): argc=4 a0="grep" a1="-o" a2="-P" a3=283F3C3D696E657420295B302D395D7B312C337D285C2E5B302D395D7B312C337D297B337D
[EXECVE ALERT] type=EXECVE msg=audit(1751999643.893:2559): argc=3 a0="sudo" a1="ls" a2="/root"
[EXECVE ALERT] type=EXECVE msg=audit(1751999643.901:2560): argc=3 a0="/usr/sbin/unix_chkpwd" a1="kali" a2="nullok"
[EXECVE ALERT] type=EXECVE msg=audit(1751999644.241:2561): argc=2 a0="/bin/sh" a1="/usr/share/kali-themes/xfce4-panel-genmon-vpnip.sh"
[EXECVE ALERT] type=EXECVE msg=audit(1751999644.245:2562): argc=3 a0="ip" a1="tuntap" a2="show"
[EXECVE ALERT] type=EXECVE msg=audit(1751999644.245:2563): argc=4 a0="cut" a1="-d" a2=":" a3="-f1"
[EXECVE ALERT] type=EXECVE msg=audit(1751999644.245:2564): argc=3 a0="head" a1="-n" a2="1"
[EXECVE ALERT] type=EXECVE msg=audit(1751999644.245:2565): argc=4 a0="ip" a1="a" a2="s" a3=""
[EXECVE ALERT] type=EXECVE msg=audit(1751999644.245:2566): argc=4 a0="grep" a1="-o" a2="-P" a3=283F3C3D696E657420295B302D395D7B312C337D285C2E5B302D395D7B312C337D297B337D
[EXECVE ALERT] type=EXECVE msg=audit(1751999645.241:2567): argc=2 a0="/bin/sh" a1="/usr/share/kali-themes/xfce4-panel-genmon-vpnip.sh"
[EXECVE ALERT] type=EXECVE msg=audit(1751999645.245:2568): argc=3 a0="ip" a1="tuntap" a2="show"
[EXECVE ALERT] type=EXECVE msg=audit(1751999645.245:2569): argc=4 a0="cut" a1="-d" a2=":" a3="-f1"
[EXECVE ALERT] type=EXECVE msg=audit(1751999645.245:2570): argc=3 a0="head" a1="-n" a2="1"
[EXECVE ALERT] type=EXECVE msg=audit(1751999645.253:2571): argc=4 a0="ip" a1="a" a2="s" a3=""
[EXECVE ALERT] type=EXECVE msg=audit(1751999645.253:2572): argc=4 a0="grep" a1="-o" a2="-P" a3=283F3C3D696E657420295B302D395D7B312C337D285C2E5B302D395D7B312C337D297B337D
[EXECVE ALERT] type=EXECVE msg=audit(1751999645.985:2573): argc=3 a0="/usr/sbin/unix_chkpwd" a1="kali" a2="nullok"
[EXECVE ALERT] type=EXECVE msg=audit(1751999646.021:2575): argc=3 a0="/usr/sbin/unix_chkpwd" a1="kali" a2="chkexpiry"
[EXECVE ALERT] type=EXECVE msg=audit(1751999646.025:2580): argc=2 a0="ls" a1="/root"
[EXECVE ALERT] type=EXECVE msg=audit(1751999646.245:2583): argc=2 a0="/bin/sh" a1="/usr/share/kali-themes/xfce4-panel-genmon-vpnip.sh"
[EXECVE ALERT] type=EXECVE msg=audit(1751999646.245:2584): argc=3 a0="ip" a1="tuntap" a2="show"
[EXECVE ALERT] type=EXECVE msg=audit(1751999646.245:2585): argc=4 a0="cut" a1="-d" a2=":" a3="-f1"
[EXECVE ALERT] type=EXECVE msg=audit(1751999646.245:2586): argc=3 a0="head" a1="-n" a2="1"
[EXECVE ALERT] type=EXECVE msg=audit(1751999646.249:2587): argc=4 a0="ip" a1="a" a2="s" a3=""
[EXECVE ALERT] type=EXECVE msg=audit(1751999646.249:2588): argc=4 a0="grep" a1="-o" a2="-P" a3=283F3C3D696E657420295B302D395D7B312C337D285C2E5B302D395D7B312C337D297B337D
[EXECVE ALERT] type=EXECVE msg=audit(1751999647.245:2589): argc=2 a0="/bin/sh" a1="/usr/share/kali-themes/xfce4-panel-genmon-vpnip.sh"
[EXECVE ALERT] type=EXECVE msg=audit(1751999647.249:2590): argc=3 a0="ip" a1="tuntap" a2="show"
[EXECVE ALERT] type=EXECVE msg=audit(1751999647.249:2591): argc=4 a0="cut" a1="-d" a2=":" a3="-f1"
[EXECVE ALERT] type=EXECVE msg=audit(1751999647.249:2592): argc=3 a0="head" a1="-n" a2="1"
[EXECVE ALERT] type=EXECVE msg=audit(1751999647.253:2593): argc=4 a0="ip" a1="a" a2="s" a3=""
[EXECVE ALERT] type=EXECVE msg=audit(1751999647.253:2594): argc=4 a0="grep" a1="-o" a2="-P" a3=283F3C3D696E657420295B302D395D7B312C337D285C2E5B302D395D7B312C337D297B337D
[EXECVE ALERT] type=EXECVE msg=audit(1751999648.245:2595): argc=2 a0="/bin/sh" a1="/usr/share/kali-themes/xfce4-panel-genmon-vpnip.sh"
[EXECVE ALERT] type=EXECVE msg=audit(1751999648.249:2596): argc=3 a0="ip" a1="tuntap" a2="show"
[EXECVE ALERT] type=EXECVE msg=audit(1751999648.249:2597): argc=4 a0="cut" a1="-d" a2=":" a3="-f1"
[EXECVE ALERT] type=EXECVE msg=audit(1751999648.253:2598): argc=3 a0="head" a1="-n" a2="1"
[EXECVE ALERT] type=EXECVE msg=audit(1751999648.253:2599): argc=4 a0="ip" a1="a" a2="s" a3=""
[EXECVE ALERT] type=EXECVE msg=audit(1751999648.253:2600): argc=4 a0="grep" a1="-o" a2="-P" a3=283F3C3D696E657420295B302D395D7B312C337D285C2E5B302D395D7B312C337D297B337D
[EXECVE ALERT] type=EXECVE msg=audit(1751999649.249:2601): argc=2 a0="/bin/sh" a1="/usr/share/kali-themes/xfce4-panel-genmon-vpnip.sh"
[EXECVE ALERT] type=EXECVE msg=audit(1751999649.253:2602): argc=3 a0="ip" a1="tuntap" a2="show"
[EXECVE ALERT] type=EXECVE msg=audit(1751999649.253:2603): argc=4 a0="cut" a1="-d" a2=":" a3="-f1"
[EXECVE ALERT] type=EXECVE msg=audit(1751999649.253:2604): argc=3 a0="head" a1="-n" a2="1"
[EXECVE ALERT] type=EXECVE msg=audit(1751999649.257:2605): argc=4 a0="ip" a1="a" a2="s" a3=""
[EXECVE ALERT] type=EXECVE msg=audit(1751999649.257:2606): argc=4 a0="grep" a1="-o" a2="-P" a3=283F3C3D696E657420295B302D395D7B312C337D285C2E5B302D395D7B312C337D297B337D
[EXECVE ALERT] type=EXECVE msg=audit(1751999650.249:2607): argc=2 a0="/bin/sh" a1="/usr/share/kali-themes/xfce4-panel-genmon-vpnip.sh"
[EXECVE ALERT] type=EXECVE msg=audit(1751999650.249:2608): argc=3 a0="ip" a1="tuntap" a2="show"
[EXECVE ALERT] type=EXECVE msg=audit(1751999650.249:2609): argc=4 a0="cut" a1="-d" a2=":" a3="-f1"
[EXECVE ALERT] type=EXECVE msg=audit(1751999650.253:2610): argc=3 a0="head" a1="-n" a2="1"
[EXECVE ALERT] type=EXECVE msg=audit(1751999650.253:2611): argc=4 a0="ip" a1="a" a2="s" a3=""
[EXECVE ALERT] type=EXECVE msg=audit(1751999650.253:2612): argc=4 a0="grep" a1="-o" a2="-P" a3=283F3C3D696E657420295B302D395D7B312C337D285C2E5B302D395D7B312C337D297B337D
[EXECVE ALERT] type=EXECVE msg=audit(1751999651.249:2613): argc=2 a0="/bin/sh" a1="/usr/share/kali-themes/xfce4-panel-genmon-vpnip.sh"
[EXECVE ALERT] type=EXECVE msg=audit(1751999651.253:2614): argc=3 a0="ip" a1="tuntap" a2="show"
[EXECVE ALERT] type=EXECVE msg=audit(1751999651.253:2615): argc=4 a0="cut" a1="-d" a2=":" a3="-f1"
[EXECVE ALERT] type=EXECVE msg=audit(1751999651.253:2616): argc=3 a0="head" a1="-n" a2="1"
[EXECVE ALERT] type=EXECVE msg=audit(1751999651.253:2617): argc=4 a0="ip" a1="a" a2="s" a3=""
[EXECVE ALERT] type=EXECVE msg=audit(1751999651.253:2618): argc=4 a0="grep" a1="-o" a2="-P" a3=283F3C3D696E657420295B302D395D7B312C337D285C2E5B302D395D7B312C337D297B337D
[EXECVE ALERT] type=EXECVE msg=audit(1751999652.253:2619): argc=2 a0="/bin/sh" a1="/usr/share/kali-themes/xfce4-panel-genmon-vpnip.sh"
[EXECVE ALERT] type=EXECVE msg=audit(1751999652.253:2620): argc=3 a0="ip" a1="tuntap" a2="show"
[EXECVE ALERT] type=EXECVE msg=audit(1751999652.253:2621): argc=4 a0="cut" a1="-d" a2=":" a3="-f1"
[EXECVE ALERT] type=EXECVE msg=audit(1751999652.253:2622): argc=3 a0="head" a1="-n" a2="1"
[EXECVE ALERT] type=EXECVE msg=audit(1751999652.257:2623): argc=4 a0="ip" a1="a" a2="s" a3=""
[EXECVE ALERT] type=EXECVE msg=audit(1751999652.257:2624): argc=4 a0="grep" a1="-o" a2="-P" a3=283F3C3D696E657420295B302D395D7B312C337D285C2E5B302D395D7B312C337D297B337D
[EXECVE ALERT] type=EXECVE msg=audit(1751999653.253:2625): argc=2 a0="/bin/sh" a1="/usr/share/kali-themes/xfce4-panel-genmon-vpnip.sh"
[EXECVE ALERT] type=EXECVE msg=audit(1751999653.253:2626): argc=3 a0="ip" a1="tuntap" a2="show"
[EXECVE ALERT] type=EXECVE msg=audit(1751999653.257:2627): argc=3 a0="head" a1="-n" a2="1"
[EXECVE ALERT] type=EXECVE msg=audit(1751999653.257:2628): argc=4 a0="cut" a1="-d" a2=":" a3="-f1"
[EXECVE ALERT] type=EXECVE msg=audit(1751999653.257:2629): argc=4 a0="ip" a1="a" a2="s" a3=""
[EXECVE ALERT] type=EXECVE msg=audit(1751999653.257:2630): argc=4 a0="grep" a1="-o" a2="-P" a3=283F3C3D696E657420295B302D395D7B312C337D285C2E5B302D395D7B312C337D297B337D
[EXECVE ALERT] type=EXECVE msg=audit(1751999653.893:2631): argc=3 a0="/bin/sh" a1="-c" a2=65786F2D6F70656E202D2D776F726B696E672D6469726563746F727920272F686F6D652F6B616C692F63796265727365632D70726F6A656374732F636C6F75642D73656375726974792D6D6F6E69746F7227202D2D6C61756E6368205465726D696E616C456D756C61746F72
[EXECVE ALERT] type=EXECVE msg=audit(1751999653.897:2632): argc=5 a0="exo-open" a1="--working-directory" a2="/home/kali/cybersec-projects/cloud-security-monitor" a3="--launch" a4="TerminalEmulator"
[EXECVE ALERT] type=EXECVE msg=audit(1751999653.925:2633): argc=3 a0="/usr/bin/xfce4-mime-helper" a1="--launch" a2="TerminalEmulator"
[EXECVE ALERT] type=EXECVE msg=audit(1751999653.957:2634): argc=1 a0="/usr/bin/qterminal"
[EXECVE ALERT] type=EXECVE msg=audit(1751999654.113:2635): argc=1 a0="/usr/bin/zsh"
[EXECVE ALERT] type=EXECVE msg=audit(1751999654.157:2636): argc=3 a0="tput" a1="setaf" a2="1"
[EXECVE ALERT] type=EXECVE msg=audit(1751999654.181:2637): argc=2 a0="dircolors" a1="-b"
[EXECVE ALERT] type=EXECVE msg=audit(1751999654.253:2638): argc=2 a0="/bin/sh" a1="/usr/share/kali-themes/xfce4-panel-genmon-vpnip.sh"
[EXECVE ALERT] type=EXECVE msg=audit(1751999654.253:2639): argc=3 a0="ip" a1="tuntap" a2="show"
[EXECVE ALERT] type=EXECVE msg=audit(1751999654.253:2641): argc=4 a0="cut" a1="-d" a2=":" a3="-f1"
[EXECVE ALERT] type=EXECVE msg=audit(1751999654.253:2640): argc=3 a0="head" a1="-n" a2="1"
[EXECVE ALERT] type=EXECVE msg=audit(1751999654.261:2642): argc=4 a0="ip" a1="a" a2="s" a3=""
[EXECVE ALERT] type=EXECVE msg=audit(1751999654.261:2643): argc=4 a0="grep" a1="-o" a2="-P" a3=283F3C3D696E657420295B302D395D7B312C337D285C2E5B302D395D7B312C337D297B337D
[EXECVE ALERT] type=EXECVE msg=audit(1751999655.253:2644): argc=2 a0="/bin/sh" a1="/usr/share/kali-themes/xfce4-panel-genmon-vpnip.sh"
[EXECVE ALERT] type=EXECVE msg=audit(1751999655.257:2645): argc=4 a0="cut" a1="-d" a2=":" a3="-f1"
[EXECVE ALERT] type=EXECVE msg=audit(1751999655.257:2646): argc=3 a0="ip" a1="tuntap" a2="show"
[EXECVE ALERT] type=EXECVE msg=audit(1751999655.257:2647): argc=3 a0="head" a1="-n" a2="1"
[EXECVE ALERT] type=EXECVE msg=audit(1751999655.261:2648): argc=4 a0="ip" a1="a" a2="s" a3=""
[EXECVE ALERT] type=EXECVE msg=audit(1751999655.261:2649): argc=4 a0="grep" a1="-o" a2="-P" a3=283F3C3D696E657420295B302D395D7B312C337D285C2E5B302D395D7B312C337D297B337D
[EXECVE ALERT] type=EXECVE msg=audit(1751999656.257:2650): argc=2 a0="/bin/sh" a1="/usr/share/kali-themes/xfce4-panel-genmon-vpnip.sh"
[EXECVE ALERT] type=EXECVE msg=audit(1751999656.261:2651): argc=3 a0="ip" a1="tuntap" a2="show"
[EXECVE ALERT] type=EXECVE msg=audit(1751999656.261:2652): argc=4 a0="cut" a1="-d" a2=":" a3="-f1"
[EXECVE ALERT] type=EXECVE msg=audit(1751999656.261:2653): argc=3 a0="head" a1="-n" a2="1"
[EXECVE ALERT] type=EXECVE msg=audit(1751999656.265:2654): argc=4 a0="ip" a1="a" a2="s" a3=""
[EXECVE ALERT] type=EXECVE msg=audit(1751999656.265:2655): argc=4 a0="grep" a1="-o" a2="-P" a3=283F3C3D696E657420295B302D395D7B312C337D285C2E5B302D395D7B312C337D297B337D
[EXECVE ALERT] type=EXECVE msg=audit(1751999656.449:2656): argc=3 a0="sudo" a1="ls" a2="/root"
[EXECVE ALERT] type=EXECVE msg=audit(1751999656.457:2657): argc=3 a0="/usr/sbin/unix_chkpwd" a1="kali" a2="nullok"
[EXECVE ALERT] type=EXECVE msg=audit(1751999657.261:2658): argc=2 a0="/bin/sh" a1="/usr/share/kali-themes/xfce4-panel-genmon-vpnip.sh"
[EXECVE ALERT] type=EXECVE msg=audit(1751999657.265:2659): argc=3 a0="ip" a1="tuntap" a2="show"
[EXECVE ALERT] type=EXECVE msg=audit(1751999657.265:2660): argc=4 a0="cut" a1="-d" a2=":" a3="-f1"
[EXECVE ALERT] type=EXECVE msg=audit(1751999657.265:2661): argc=3 a0="head" a1="-n" a2="1"
[EXECVE ALERT] type=EXECVE msg=audit(1751999657.269:2662): argc=4 a0="ip" a1="a" a2="s" a3=""
[EXECVE ALERT] type=EXECVE msg=audit(1751999657.269:2663): argc=4 a0="grep" a1="-o" a2="-P" a3=283F3C3D696E657420295B302D395D7B312C337D285C2E5B302D395D7B312C337D297B337D
[EXECVE ALERT] type=EXECVE msg=audit(1751999658.261:2664): argc=2 a0="/bin/sh" a1="/usr/share/kali-themes/xfce4-panel-genmon-vpnip.sh"
[EXECVE ALERT] type=EXECVE msg=audit(1751999658.265:2665): argc=3 a0="ip" a1="tuntap" a2="show"
[EXECVE ALERT] type=EXECVE msg=audit(1751999658.265:2666): argc=4 a0="cut" a1="-d" a2=":" a3="-f1"
[EXECVE ALERT] type=EXECVE msg=audit(1751999658.265:2667): argc=3 a0="head" a1="-n" a2="1"
[EXECVE ALERT] type=EXECVE msg=audit(1751999658.269:2668): argc=4 a0="ip" a1="a" a2="s" a3=""
[EXECVE ALERT] type=EXECVE msg=audit(1751999658.269:2669): argc=4 a0="grep" a1="-o" a2="-P" a3=283F3C3D696E657420295B302D395D7B312C337D285C2E5B302D395D7B312C337D297B337D
[EXECVE ALERT] type=EXECVE msg=audit(1751999658.557:2670): argc=3 a0="/usr/sbin/unix_chkpwd" a1="kali" a2="nullok"
[EXECVE ALERT] type=EXECVE msg=audit(1751999658.593:2672): argc=3 a0="/usr/sbin/unix_chkpwd" a1="kali" a2="chkexpiry"
[EXECVE ALERT] type=EXECVE msg=audit(1751999658.597:2677): argc=2 a0="ls" a1="/root"
[EXECVE ALERT] type=EXECVE msg=audit(1751999659.261:2680): argc=2 a0="/bin/sh" a1="/usr/share/kali-themes/xfce4-panel-genmon-vpnip.sh"
[EXECVE ALERT] type=EXECVE msg=audit(1751999659.265:2681): argc=3 a0="ip" a1="tuntap" a2="show"
[EXECVE ALERT] type=EXECVE msg=audit(1751999659.265:2682): argc=4 a0="cut" a1="-d" a2=":" a3="-f1"
[EXECVE ALERT] type=EXECVE msg=audit(1751999659.265:2683): argc=3 a0="head" a1="-n" a2="1"
[EXECVE ALERT] type=EXECVE msg=audit(1751999659.269:2684): argc=4 a0="ip" a1="a" a2="s" a3=""
[EXECVE ALERT] type=EXECVE msg=audit(1751999659.269:2685): argc=4 a0="grep" a1="-o" a2="-P" a3=283F3C3D696E657420295B302D395D7B312C337D285C2E5B302D395D7B312C337D297B337D
[EXECVE ALERT] type=EXECVE msg=audit(1751999660.265:2686): argc=2 a0="/bin/sh" a1="/usr/share/kali-themes/xfce4-panel-genmon-vpnip.sh"
[EXECVE ALERT] type=EXECVE msg=audit(1751999660.265:2687): argc=3 a0="ip" a1="tuntap" a2="show"
[EXECVE ALERT] type=EXECVE msg=audit(1751999660.265:2688): argc=4 a0="cut" a1="-d" a2=":" a3="-f1"
[EXECVE ALERT] type=EXECVE msg=audit(1751999660.265:2689): argc=3 a0="head" a1="-n" a2="1"
[EXECVE ALERT] type=EXECVE msg=audit(1751999660.269:2690): argc=4 a0="ip" a1="a" a2="s" a3=""
[EXECVE ALERT] type=EXECVE msg=audit(1751999660.273:2691): argc=4 a0="grep" a1="-o" a2="-P" a3=283F3C3D696E657420295B302D395D7B312C337D285C2E5B302D395D7B312C337D297B337D
[EXECVE ALERT] type=EXECVE msg=audit(1751999661.265:2692): argc=2 a0="/bin/sh" a1="/usr/share/kali-themes/xfce4-panel-genmon-vpnip.sh"
[EXECVE ALERT] type=EXECVE msg=audit(1751999661.269:2693): argc=3 a0="ip" a1="tuntap" a2="show"
[EXECVE ALERT] type=EXECVE msg=audit(1751999661.269:2694): argc=4 a0="cut" a1="-d" a2=":" a3="-f1"
[EXECVE ALERT] type=EXECVE msg=audit(1751999661.269:2695): argc=3 a0="head" a1="-n" a2="1"
[EXECVE ALERT] type=EXECVE msg=audit(1751999661.273:2696): argc=4 a0="ip" a1="a" a2="s" a3=""
[EXECVE ALERT] type=EXECVE msg=audit(1751999661.273:2697): argc=4 a0="grep" a1="-o" a2="-P" a3=283F3C3D696E657420295B302D395D7B312C337D285C2E5B302D395D7B312C337D297B337D
[EXECVE ALERT] type=EXECVE msg=audit(1751999662.265:2698): argc=2 a0="/bin/sh" a1="/usr/share/kali-themes/xfce4-panel-genmon-vpnip.sh"
[EXECVE ALERT] type=EXECVE msg=audit(1751999662.269:2699): argc=3 a0="ip" a1="tuntap" a2="show"
[EXECVE ALERT] type=EXECVE msg=audit(1751999662.269:2700): argc=4 a0="cut" a1="-d" a2=":" a3="-f1"
[EXECVE ALERT] type=EXECVE msg=audit(1751999662.269:2701): argc=3 a0="head" a1="-n" a2="1"
[EXECVE ALERT] type=EXECVE msg=audit(1751999662.273:2702): argc=4 a0="ip" a1="a" a2="s" a3=""
[EXECVE ALERT] type=EXECVE msg=audit(1751999662.273:2703): argc=4 a0="grep" a1="-o" a2="-P" a3=283F3C3D696E657420295B302D395D7B312C337D285C2E5B302D395D7B312C337D297B337D
[EXECVE ALERT] type=EXECVE msg=audit(1751999663.269:2704): argc=2 a0="/bin/sh" a1="/usr/share/kali-themes/xfce4-panel-genmon-vpnip.sh"
[EXECVE ALERT] type=EXECVE msg=audit(1751999663.269:2705): argc=3 a0="ip" a1="tuntap" a2="show"
[EXECVE ALERT] type=EXECVE msg=audit(1751999663.269:2706): argc=4 a0="cut" a1="-d" a2=":" a3="-f1"
[EXECVE ALERT] type=EXECVE msg=audit(1751999663.269:2707): argc=3 a0="head" a1="-n" a2="1"
[EXECVE ALERT] type=EXECVE msg=audit(1751999663.277:2708): argc=4 a0="ip" a1="a" a2="s" a3=""
[EXECVE ALERT] type=EXECVE msg=audit(1751999663.277:2709): argc=4 a0="grep" a1="-o" a2="-P" a3=283F3C3D696E657420295B302D395D7B312C337D285C2E5B302D395D7B312C337D297B337D
[EXECVE ALERT] type=EXECVE msg=audit(1751999664.265:2710): argc=2 a0="/bin/sh" a1="/usr/share/kali-themes/xfce4-panel-genmon-vpnip.sh"
[EXECVE ALERT] type=EXECVE msg=audit(1751999664.269:2711): argc=3 a0="ip" a1="tuntap" a2="show"
[EXECVE ALERT] type=EXECVE msg=audit(1751999664.269:2712): argc=4 a0="cut" a1="-d" a2=":" a3="-f1"
[EXECVE ALERT] type=EXECVE msg=audit(1751999664.269:2713): argc=3 a0="head" a1="-n" a2="1"
[EXECVE ALERT] type=EXECVE msg=audit(1751999664.269:2714): argc=4 a0="ip" a1="a" a2="s" a3=""
[EXECVE ALERT] type=EXECVE msg=audit(1751999664.269:2715): argc=4 a0="grep" a1="-o" a2="-P" a3=283F3C3D696E657420295B302D395D7B312C337D285C2E5B302D395D7B312C337D297B337D
[EXECVE ALERT] type=EXECVE msg=audit(1751999665.269:2716): argc=2 a0="/bin/sh" a1="/usr/share/kali-themes/xfce4-panel-genmon-vpnip.sh"
[EXECVE ALERT] type=EXECVE msg=audit(1751999665.269:2717): argc=3 a0="ip" a1="tuntap" a2="show"
[EXECVE ALERT] type=EXECVE msg=audit(1751999665.273:2718): argc=4 a0="cut" a1="-d" a2=":" a3="-f1"
[EXECVE ALERT] type=EXECVE msg=audit(1751999665.273:2719): argc=3 a0="head" a1="-n" a2="1"
[EXECVE ALERT] type=EXECVE msg=audit(1751999665.273:2721): argc=4 a0="ip" a1="a" a2="s" a3=""
[EXECVE ALERT] type=EXECVE msg=audit(1751999665.273:2720): argc=4 a0="grep" a1="-o" a2="-P" a3=283F3C3D696E657420295B302D395D7B312C337D285C2E5B302D395D7B312C337D297B337D
[EXECVE ALERT] type=EXECVE msg=audit(1751999666.269:2722): argc=2 a0="/bin/sh" a1="/usr/share/kali-themes/xfce4-panel-genmon-vpnip.sh"
[EXECVE ALERT] type=EXECVE msg=audit(1751999666.273:2723): argc=3 a0="ip" a1="tuntap" a2="show"
[EXECVE ALERT] type=EXECVE msg=audit(1751999666.273:2724): argc=4 a0="cut" a1="-d" a2=":" a3="-f1"
[EXECVE ALERT] type=EXECVE msg=audit(1751999666.273:2725): argc=3 a0="head" a1="-n" a2="1"
[EXECVE ALERT] type=EXECVE msg=audit(1751999666.277:2726): argc=4 a0="ip" a1="a" a2="s" a3=""
[EXECVE ALERT] type=EXECVE msg=audit(1751999666.277:2727): argc=4 a0="grep" a1="-o" a2="-P" a3=283F3C3D696E657420295B302D395D7B312C337D285C2E5B302D395D7B312C337D297B337D
[EXECVE ALERT] type=EXECVE msg=audit(1751999667.273:2728): argc=2 a0="/bin/sh" a1="/usr/share/kali-themes/xfce4-panel-genmon-vpnip.sh"
[EXECVE ALERT] type=EXECVE msg=audit(1751999667.273:2729): argc=3 a0="ip" a1="tuntap" a2="show"
[EXECVE ALERT] type=EXECVE msg=audit(1751999667.277:2730): argc=3 a0="head" a1="-n" a2="1"
[EXECVE ALERT] type=EXECVE msg=audit(1751999667.277:2731): argc=4 a0="cut" a1="-d" a2=":" a3="-f1"
[EXECVE ALERT] type=EXECVE msg=audit(1751999667.277:2733): argc=4 a0="ip" a1="a" a2="s" a3=""
[EXECVE ALERT] type=EXECVE msg=audit(1751999667.277:2732): argc=4 a0="grep" a1="-o" a2="-P" a3=283F3C3D696E657420295B302D395D7B312C337D285C2E5B302D395D7B312C337D297B337D
[EXECVE ALERT] type=EXECVE msg=audit(1751999668.273:2734): argc=2 a0="/bin/sh" a1="/usr/share/kali-themes/xfce4-panel-genmon-vpnip.sh"
[EXECVE ALERT] type=EXECVE msg=audit(1751999668.277:2735): argc=3 a0="ip" a1="tuntap" a2="show"
[EXECVE ALERT] type=EXECVE msg=audit(1751999668.277:2736): argc=4 a0="cut" a1="-d" a2=":" a3="-f1"
[EXECVE ALERT] type=EXECVE msg=audit(1751999668.277:2737): argc=3 a0="head" a1="-n" a2="1"
[EXECVE ALERT] type=EXECVE msg=audit(1751999668.281:2738): argc=4 a0="ip" a1="a" a2="s" a3=""
[EXECVE ALERT] type=EXECVE msg=audit(1751999668.281:2739): argc=4 a0="grep" a1="-o" a2="-P" a3=283F3C3D696E657420295B302D395D7B312C337D285C2E5B302D395D7B312C337D297B337D
[EXECVE ALERT] type=EXECVE msg=audit(1751999669.273:2740): argc=2 a0="/bin/sh" a1="/usr/share/kali-themes/xfce4-panel-genmon-vpnip.sh"
[EXECVE ALERT] type=EXECVE msg=audit(1751999669.277:2741): argc=3 a0="ip" a1="tuntap" a2="show"
[EXECVE ALERT] type=EXECVE msg=audit(1751999669.277:2742): argc=4 a0="cut" a1="-d" a2=":" a3="-f1"
[EXECVE ALERT] type=EXECVE msg=audit(1751999669.277:2743): argc=3 a0="head" a1="-n" a2="1"
[EXECVE ALERT] type=EXECVE msg=audit(1751999669.285:2744): argc=4 a0="ip" a1="a" a2="s" a3=""
[EXECVE ALERT] type=EXECVE msg=audit(1751999669.285:2745): argc=4 a0="grep" a1="-o" a2="-P" a3=283F3C3D696E657420295B302D395D7B312C337D285C2E5B302D395D7B312C337D297B337D
[EXECVE ALERT] type=EXECVE msg=audit(1751999670.277:2746): argc=2 a0="/bin/sh" a1="/usr/share/kali-themes/xfce4-panel-genmon-vpnip.sh"
[EXECVE ALERT] type=EXECVE msg=audit(1751999670.277:2747): argc=3 a0="ip" a1="tuntap" a2="show"
[EXECVE ALERT] type=EXECVE msg=audit(1751999670.281:2748): argc=4 a0="cut" a1="-d" a2=":" a3="-f1"
[EXECVE ALERT] type=EXECVE msg=audit(1751999670.281:2749): argc=3 a0="head" a1="-n" a2="1"
[EXECVE ALERT] type=EXECVE msg=audit(1751999670.285:2750): argc=4 a0="ip" a1="a" a2="s" a3=""
[EXECVE ALERT] type=EXECVE msg=audit(1751999670.285:2751): argc=4 a0="grep" a1="-o" a2="-P" a3=283F3C3D696E657420295B302D395D7B312C337D285C2E5B302D395D7B312C337D297B337D
[EXECVE ALERT] type=EXECVE msg=audit(1751999671.277:2752): argc=2 a0="/bin/sh" a1="/usr/share/kali-themes/xfce4-panel-genmon-vpnip.sh"
[EXECVE ALERT] type=EXECVE msg=audit(1751999671.277:2753): argc=3 a0="ip" a1="tuntap" a2="show"
[EXECVE ALERT] type=EXECVE msg=audit(1751999671.277:2754): argc=4 a0="cut" a1="-d" a2=":" a3="-f1"
[EXECVE ALERT] type=EXECVE msg=audit(1751999671.277:2755): argc=3 a0="head" a1="-n" a2="1"
[EXECVE ALERT] type=EXECVE msg=audit(1751999671.281:2756): argc=4 a0="ip" a1="a" a2="s" a3=""
[EXECVE ALERT] type=EXECVE msg=audit(1751999671.281:2757): argc=4 a0="grep" a1="-o" a2="-P" a3=283F3C3D696E657420295B302D395D7B312C337D285C2E5B302D395D7B312C337D297B337D
[EXECVE ALERT] type=EXECVE msg=audit(1751999672.277:2758): argc=2 a0="/bin/sh" a1="/usr/share/kali-themes/xfce4-panel-genmon-vpnip.sh"
[EXECVE ALERT] type=EXECVE msg=audit(1751999672.281:2759): argc=3 a0="ip" a1="tuntap" a2="show"
[EXECVE ALERT] type=EXECVE msg=audit(1751999672.281:2760): argc=4 a0="cut" a1="-d" a2=":" a3="-f1"
[EXECVE ALERT] type=EXECVE msg=audit(1751999672.281:2761): argc=3 a0="head" a1="-n" a2="1"
[EXECVE ALERT] type=EXECVE msg=audit(1751999672.285:2762): argc=4 a0="ip" a1="a" a2="s" a3=""
[EXECVE ALERT] type=EXECVE msg=audit(1751999672.285:2763): argc=4 a0="grep" a1="-o" a2="-P" a3=283F3C3D696E657420295B302D395D7B312C337D285C2E5B302D395D7B312C337D297B337D
[EXECVE ALERT] type=EXECVE msg=audit(1751999673.281:2764): argc=2 a0="/bin/sh" a1="/usr/share/kali-themes/xfce4-panel-genmon-vpnip.sh"
[EXECVE ALERT] type=EXECVE msg=audit(1751999673.285:2765): argc=3 a0="ip" a1="tuntap" a2="show"
[EXECVE ALERT] type=EXECVE msg=audit(1751999673.285:2766): argc=4 a0="cut" a1="-d" a2=":" a3="-f1"
[EXECVE ALERT] type=EXECVE msg=audit(1751999673.285:2767): argc=3 a0="head" a1="-n" a2="1"
[EXECVE ALERT] type=EXECVE msg=audit(1751999673.289:2768): argc=4 a0="ip" a1="a" a2="s" a3=""
[EXECVE ALERT] type=EXECVE msg=audit(1751999673.289:2769): argc=4 a0="grep" a1="-o" a2="-P" a3=283F3C3D696E657420295B302D395D7B312C337D285C2E5B302D395D7B312C337D297B337D
[EXECVE ALERT] type=EXECVE msg=audit(1751999674.281:2770): argc=2 a0="/bin/sh" a1="/usr/share/kali-themes/xfce4-panel-genmon-vpnip.sh"
[EXECVE ALERT] type=EXECVE msg=audit(1751999674.285:2771): argc=3 a0="ip" a1="tuntap" a2="show"
[EXECVE ALERT] type=EXECVE msg=audit(1751999674.285:2772): argc=4 a0="cut" a1="-d" a2=":" a3="-f1"
[EXECVE ALERT] type=EXECVE msg=audit(1751999674.285:2773): argc=3 a0="head" a1="-n" a2="1"
[EXECVE ALERT] type=EXECVE msg=audit(1751999674.289:2774): argc=4 a0="ip" a1="a" a2="s" a3=""
[EXECVE ALERT] type=EXECVE msg=audit(1751999674.289:2775): argc=4 a0="grep" a1="-o" a2="-P" a3=283F3C3D696E657420295B302D395D7B312C337D285C2E5B302D395D7B312C337D297B337D
[EXECVE ALERT] type=EXECVE msg=audit(1751999675.281:2776): argc=2 a0="/bin/sh" a1="/usr/share/kali-themes/xfce4-panel-genmon-vpnip.sh"
[EXECVE ALERT] type=EXECVE msg=audit(1751999675.285:2777): argc=3 a0="ip" a1="tuntap" a2="show"
[EXECVE ALERT] type=EXECVE msg=audit(1751999675.285:2778): argc=4 a0="cut" a1="-d" a2=":" a3="-f1"
[EXECVE ALERT] type=EXECVE msg=audit(1751999675.285:2779): argc=3 a0="head" a1="-n" a2="1"
[EXECVE ALERT] type=EXECVE msg=audit(1751999675.289:2780): argc=4 a0="ip" a1="a" a2="s" a3=""
[EXECVE ALERT] type=EXECVE msg=audit(1751999675.289:2781): argc=4 a0="grep" a1="-o" a2="-P" a3=283F3C3D696E657420295B302D395D7B312C337D285C2E5B302D395D7B312C337D297B337D
[EXECVE ALERT] type=EXECVE msg=audit(1751999676.285:2782): argc=2 a0="/bin/sh" a1="/usr/share/kali-themes/xfce4-panel-genmon-vpnip.sh"
[EXECVE ALERT] type=EXECVE msg=audit(1751999676.289:2783): argc=3 a0="ip" a1="tuntap" a2="show"
[EXECVE ALERT] type=EXECVE msg=audit(1751999676.289:2784): argc=4 a0="cut" a1="-d" a2=":" a3="-f1"
[EXECVE ALERT] type=EXECVE msg=audit(1751999676.289:2785): argc=3 a0="head" a1="-n" a2="1"
[EXECVE ALERT] type=EXECVE msg=audit(1751999676.293:2786): argc=4 a0="ip" a1="a" a2="s" a3=""
[EXECVE ALERT] type=EXECVE msg=audit(1751999676.293:2787): argc=4 a0="grep" a1="-o" a2="-P" a3=283F3C3D696E657420295B302D395D7B312C337D285C2E5B302D395D7B312C337D297B337D
[EXECVE ALERT] type=EXECVE msg=audit(1751999677.285:2788): argc=2 a0="/bin/sh" a1="/usr/share/kali-themes/xfce4-panel-genmon-vpnip.sh"
[EXECVE ALERT] type=EXECVE msg=audit(1751999677.285:2789): argc=3 a0="ip" a1="tuntap" a2="show"
[EXECVE ALERT] type=EXECVE msg=audit(1751999677.285:2790): argc=4 a0="cut" a1="-d" a2=":" a3="-f1"
[EXECVE ALERT] type=EXECVE msg=audit(1751999677.285:2791): argc=3 a0="head" a1="-n" a2="1"
[EXECVE ALERT] type=EXECVE msg=audit(1751999677.289:2792): argc=4 a0="ip" a1="a" a2="s" a3=""
[EXECVE ALERT] type=EXECVE msg=audit(1751999677.289:2793): argc=4 a0="grep" a1="-o" a2="-P" a3=283F3C3D696E657420295B302D395D7B312C337D285C2E5B302D395D7B312C337D297B337D
[EXECVE ALERT] type=EXECVE msg=audit(1751999678.089:2799): argc=7 a0="/usr/lib/systemd/systemd-executor" a1="--deserialize" a2="101" a3="--log-level" a4="info" a5="--log-target" a6="journal-or-kmsg"
[EXECVE ALERT] type=EXECVE msg=audit(1751999678.173:2800): argc=1 a0="/usr/lib/systemd/systemd-hostnamed"
[EXECVE ALERT] type=EXECVE msg=audit(1751999678.285:2802): argc=2 a0="/bin/sh" a1="/usr/share/kali-themes/xfce4-panel-genmon-vpnip.sh"
[EXECVE ALERT] type=EXECVE msg=audit(1751999678.285:2803): argc=3 a0="ip" a1="tuntap" a2="show"
[EXECVE ALERT] type=EXECVE msg=audit(1751999678.285:2804): argc=4 a0="cut" a1="-d" a2=":" a3="-f1"
[EXECVE ALERT] type=EXECVE msg=audit(1751999678.285:2805): argc=3 a0="head" a1="-n" a2="1"
[EXECVE ALERT] type=EXECVE msg=audit(1751999678.289:2806): argc=4 a0="ip" a1="a" a2="s" a3=""
[EXECVE ALERT] type=EXECVE msg=audit(1751999678.289:2807): argc=4 a0="grep" a1="-o" a2="-P" a3=283F3C3D696E657420295B302D395D7B312C337D285C2E5B302D395D7B312C337D297B337D
[EXECVE ALERT] type=EXECVE msg=audit(1751999679.289:2808): argc=2 a0="/bin/sh" a1="/usr/share/kali-themes/xfce4-panel-genmon-vpnip.sh"
[EXECVE ALERT] type=EXECVE msg=audit(1751999679.289:2809): argc=3 a0="ip" a1="tuntap" a2="show"
[EXECVE ALERT] type=EXECVE msg=audit(1751999679.289:2811): argc=3 a0="head" a1="-n" a2="1"
[EXECVE ALERT] type=EXECVE msg=audit(1751999679.289:2810): argc=4 a0="cut" a1="-d" a2=":" a3="-f1"
[EXECVE ALERT] type=EXECVE msg=audit(1751999679.297:2812): argc=4 a0="ip" a1="a" a2="s" a3=""
[EXECVE ALERT] type=EXECVE msg=audit(1751999679.297:2813): argc=4 a0="grep" a1="-o" a2="-P" a3=283F3C3D696E657420295B302D395D7B312C337D285C2E5B302D395D7B312C337D297B337D
[EXECVE ALERT] type=EXECVE msg=audit(1751999680.289:2814): argc=2 a0="/bin/sh" a1="/usr/share/kali-themes/xfce4-panel-genmon-vpnip.sh"
[EXECVE ALERT] type=EXECVE msg=audit(1751999680.293:2815): argc=3 a0="ip" a1="tuntap" a2="show"
[EXECVE ALERT] type=EXECVE msg=audit(1751999680.293:2816): argc=4 a0="cut" a1="-d" a2=":" a3="-f1"
[EXECVE ALERT] type=EXECVE msg=audit(1751999680.293:2817): argc=3 a0="head" a1="-n" a2="1"
[EXECVE ALERT] type=EXECVE msg=audit(1751999680.297:2818): argc=4 a0="ip" a1="a" a2="s" a3=""
[EXECVE ALERT] type=EXECVE msg=audit(1751999680.297:2819): argc=4 a0="grep" a1="-o" a2="-P" a3=283F3C3D696E657420295B302D395D7B312C337D285C2E5B302D395D7B312C337D297B337D
[EXECVE ALERT] type=EXECVE msg=audit(1751999681.289:2820): argc=2 a0="/bin/sh" a1="/usr/share/kali-themes/xfce4-panel-genmon-vpnip.sh"
[EXECVE ALERT] type=EXECVE msg=audit(1751999681.293:2821): argc=3 a0="ip" a1="tuntap" a2="show"
[EXECVE ALERT] type=EXECVE msg=audit(1751999681.293:2822): argc=4 a0="cut" a1="-d" a2=":" a3="-f1"
[EXECVE ALERT] type=EXECVE msg=audit(1751999681.293:2823): argc=3 a0="head" a1="-n" a2="1"
[EXECVE ALERT] type=EXECVE msg=audit(1751999681.301:2824): argc=4 a0="ip" a1="a" a2="s" a3=""
[EXECVE ALERT] type=EXECVE msg=audit(1751999681.301:2825): argc=4 a0="grep" a1="-o" a2="-P" a3=283F3C3D696E657420295B302D395D7B312C337D285C2E5B302D395D7B312C337D297B337D
[EXECVE ALERT] type=EXECVE msg=audit(1751999682.293:2826): argc=2 a0="/bin/sh" a1="/usr/share/kali-themes/xfce4-panel-genmon-vpnip.sh"
[EXECVE ALERT] type=EXECVE msg=audit(1751999682.293:2827): argc=3 a0="ip" a1="tuntap" a2="show"
[EXECVE ALERT] type=EXECVE msg=audit(1751999682.293:2828): argc=4 a0="cut" a1="-d" a2=":" a3="-f1"
[EXECVE ALERT] type=EXECVE msg=audit(1751999682.293:2829): argc=3 a0="head" a1="-n" a2="1"
[EXECVE ALERT] type=EXECVE msg=audit(1751999682.297:2830): argc=4 a0="ip" a1="a" a2="s" a3=""
[EXECVE ALERT] type=EXECVE msg=audit(1751999682.297:2831): argc=4 a0="grep" a1="-o" a2="-P" a3=283F3C3D696E657420295B302D395D7B312C337D285C2E5B302D395D7B312C337D297B337D
[EXECVE ALERT] type=EXECVE msg=audit(1751999683.293:2832): argc=2 a0="/bin/sh" a1="/usr/share/kali-themes/xfce4-panel-genmon-vpnip.sh"
[EXECVE ALERT] type=EXECVE msg=audit(1751999683.297:2833): argc=3 a0="ip" a1="tuntap" a2="show"
[EXECVE ALERT] type=EXECVE msg=audit(1751999683.297:2834): argc=4 a0="cut" a1="-d" a2=":" a3="-f1"
[EXECVE ALERT] type=EXECVE msg=audit(1751999683.297:2835): argc=3 a0="head" a1="-n" a2="1"
[EXECVE ALERT] type=EXECVE msg=audit(1751999683.301:2836): argc=4 a0="ip" a1="a" a2="s" a3=""
[EXECVE ALERT] type=EXECVE msg=audit(1751999683.301:2837): argc=4 a0="grep" a1="-o" a2="-P" a3=283F3C3D696E657420295B302D395D7B312C337D285C2E5B302D395D7B312C337D297B337D
[EXECVE ALERT] type=EXECVE msg=audit(1751999684.293:2838): argc=2 a0="/bin/sh" a1="/usr/share/kali-themes/xfce4-panel-genmon-vpnip.sh"
[EXECVE ALERT] type=EXECVE msg=audit(1751999684.297:2839): argc=3 a0="ip" a1="tuntap" a2="show"
[EXECVE ALERT] type=EXECVE msg=audit(1751999684.297:2840): argc=4 a0="cut" a1="-d" a2=":" a3="-f1"
[EXECVE ALERT] type=EXECVE msg=audit(1751999684.297:2841): argc=3 a0="head" a1="-n" a2="1"
[EXECVE ALERT] type=EXECVE msg=audit(1751999684.305:2842): argc=4 a0="ip" a1="a" a2="s" a3=""
[EXECVE ALERT] type=EXECVE msg=audit(1751999684.305:2843): argc=4 a0="grep" a1="-o" a2="-P" a3=283F3C3D696E657420295B302D395D7B312C337D285C2E5B302D395D7B312C337D297B337D
[EXECVE ALERT] type=EXECVE msg=audit(1751999685.297:2844): argc=2 a0="/bin/sh" a1="/usr/share/kali-themes/xfce4-panel-genmon-vpnip.sh"
[EXECVE ALERT] type=EXECVE msg=audit(1751999685.297:2845): argc=3 a0="ip" a1="tuntap" a2="show"
[EXECVE ALERT] type=EXECVE msg=audit(1751999685.297:2846): argc=4 a0="cut" a1="-d" a2=":" a3="-f1"
[EXECVE ALERT] type=EXECVE msg=audit(1751999685.297:2847): argc=3 a0="head" a1="-n" a2="1"
[EXECVE ALERT] type=EXECVE msg=audit(1751999685.301:2848): argc=4 a0="ip" a1="a" a2="s" a3=""
[EXECVE ALERT] type=EXECVE msg=audit(1751999685.301:2849): argc=4 a0="grep" a1="-o" a2="-P" a3=283F3C3D696E657420295B302D395D7B312C337D285C2E5B302D395D7B312C337D297B337D
[EXECVE ALERT] type=EXECVE msg=audit(1751999686.297:2850): argc=2 a0="/bin/sh" a1="/usr/share/kali-themes/xfce4-panel-genmon-vpnip.sh"
[EXECVE ALERT] type=EXECVE msg=audit(1751999686.301:2851): argc=3 a0="ip" a1="tuntap" a2="show"
[EXECVE ALERT] type=EXECVE msg=audit(1751999686.301:2852): argc=4 a0="cut" a1="-d" a2=":" a3="-f1"
[EXECVE ALERT] type=EXECVE msg=audit(1751999686.301:2853): argc=3 a0="head" a1="-n" a2="1"
[EXECVE ALERT] type=EXECVE msg=audit(1751999686.305:2854): argc=4 a0="ip" a1="a" a2="s" a3=""
[EXECVE ALERT] type=EXECVE msg=audit(1751999686.305:2855): argc=4 a0="grep" a1="-o" a2="-P" a3=283F3C3D696E657420295B302D395D7B312C337D285C2E5B302D395D7B312C337D297B337D
[EXECVE ALERT] type=EXECVE msg=audit(1751999687.301:2856): argc=2 a0="/bin/sh" a1="/usr/share/kali-themes/xfce4-panel-genmon-vpnip.sh"
[EXECVE ALERT] type=EXECVE msg=audit(1751999687.301:2857): argc=3 a0="ip" a1="tuntap" a2="show"
[EXECVE ALERT] type=EXECVE msg=audit(1751999687.301:2858): argc=4 a0="cut" a1="-d" a2=":" a3="-f1"
[EXECVE ALERT] type=EXECVE msg=audit(1751999687.301:2859): argc=3 a0="head" a1="-n" a2="1"
[EXECVE ALERT] type=EXECVE msg=audit(1751999687.309:2860): argc=4 a0="ip" a1="a" a2="s" a3=""
[EXECVE ALERT] type=EXECVE msg=audit(1751999687.309:2861): argc=4 a0="grep" a1="-o" a2="-P" a3=283F3C3D696E657420295B302D395D7B312C337D285C2E5B302D395D7B312C337D297B337D
[EXECVE ALERT] type=EXECVE msg=audit(1751999688.301:2862): argc=2 a0="/bin/sh" a1="/usr/share/kali-themes/xfce4-panel-genmon-vpnip.sh"
[EXECVE ALERT] type=EXECVE msg=audit(1751999688.305:2863): argc=3 a0="ip" a1="tuntap" a2="show"
[EXECVE ALERT] type=EXECVE msg=audit(1751999688.305:2864): argc=4 a0="cut" a1="-d" a2=":" a3="-f1"
[EXECVE ALERT] type=EXECVE msg=audit(1751999688.305:2865): argc=3 a0="head" a1="-n" a2="1"
[EXECVE ALERT] type=EXECVE msg=audit(1751999688.309:2866): argc=4 a0="ip" a1="a" a2="s" a3=""
[EXECVE ALERT] type=EXECVE msg=audit(1751999688.309:2867): argc=4 a0="grep" a1="-o" a2="-P" a3=283F3C3D696E657420295B302D395D7B312C337D285C2E5B302D395D7B312C337D297B337D
[EXECVE ALERT] type=EXECVE msg=audit(1751999689.301:2868): argc=2 a0="/bin/sh" a1="/usr/share/kali-themes/xfce4-panel-genmon-vpnip.sh"
[EXECVE ALERT] type=EXECVE msg=audit(1751999689.305:2869): argc=3 a0="ip" a1="tuntap" a2="show"
[EXECVE ALERT] type=EXECVE msg=audit(1751999689.305:2870): argc=4 a0="cut" a1="-d" a2=":" a3="-f1"
[EXECVE ALERT] type=EXECVE msg=audit(1751999689.305:2871): argc=3 a0="head" a1="-n" a2="1"
[EXECVE ALERT] type=EXECVE msg=audit(1751999689.305:2872): argc=4 a0="ip" a1="a" a2="s" a3=""
[EXECVE ALERT] type=EXECVE msg=audit(1751999689.305:2873): argc=4 a0="grep" a1="-o" a2="-P" a3=283F3C3D696E657420295B302D395D7B312C337D285C2E5B302D395D7B312C337D297B337D
[EXECVE ALERT] type=EXECVE msg=audit(1751999690.305:2874): argc=2 a0="/bin/sh" a1="/usr/share/kali-themes/xfce4-panel-genmon-vpnip.sh"
[EXECVE ALERT] type=EXECVE msg=audit(1751999690.309:2875): argc=3 a0="ip" a1="tuntap" a2="show"
[EXECVE ALERT] type=EXECVE msg=audit(1751999690.309:2876): argc=4 a0="cut" a1="-d" a2=":" a3="-f1"
[EXECVE ALERT] type=EXECVE msg=audit(1751999690.309:2877): argc=3 a0="head" a1="-n" a2="1"
[EXECVE ALERT] type=EXECVE msg=audit(1751999690.313:2878): argc=4 a0="ip" a1="a" a2="s" a3=""
[EXECVE ALERT] type=EXECVE msg=audit(1751999690.313:2879): argc=4 a0="grep" a1="-o" a2="-P" a3=283F3C3D696E657420295B302D395D7B312C337D285C2E5B302D395D7B312C337D297B337D
[EXECVE ALERT] type=EXECVE msg=audit(1751999691.305:2880): argc=2 a0="/bin/sh" a1="/usr/share/kali-themes/xfce4-panel-genmon-vpnip.sh"
[EXECVE ALERT] type=EXECVE msg=audit(1751999691.309:2881): argc=3 a0="ip" a1="tuntap" a2="show"
[EXECVE ALERT] type=EXECVE msg=audit(1751999691.309:2882): argc=4 a0="cut" a1="-d" a2=":" a3="-f1"
[EXECVE ALERT] type=EXECVE msg=audit(1751999691.309:2883): argc=3 a0="head" a1="-n" a2="1"
[EXECVE ALERT] type=EXECVE msg=audit(1751999691.313:2884): argc=4 a0="ip" a1="a" a2="s" a3=""
[EXECVE ALERT] type=EXECVE msg=audit(1751999691.313:2885): argc=4 a0="grep" a1="-o" a2="-P" a3=283F3C3D696E657420295B302D395D7B312C337D285C2E5B302D395D7B312C337D297B337D
